[debug] [2020-07-25T08:19:46.219Z] ----------------------------------------------------------------------
[debug] [2020-07-25T08:19:46.222Z] Command:       C:\Program Files\nodejs\node.exe C:\Users\KiberPC\AppData\Roaming\npm\node_modules\firebase-tools\lib\bin\firebase.js init
[debug] [2020-07-25T08:19:46.222Z] CLI Version:   8.6.0
[debug] [2020-07-25T08:19:46.222Z] Platform:      win32
[debug] [2020-07-25T08:19:46.222Z] Node Version:  v12.18.0
[debug] [2020-07-25T08:19:46.223Z] Time:          Sat Jul 25 2020 10:19:46 GMT+0200 (Central European Summer Time)
[debug] [2020-07-25T08:19:46.224Z] ----------------------------------------------------------------------
[debug] [2020-07-25T08:19:46.225Z] 
[debug] [2020-07-25T08:19:46.241Z] > command requires scopes: ["email","openid","https://www.googleapis.com/auth/cloudplatformprojects.readonly","https://www.googleapis.com/auth/firebase","https://www.googleapis.com/auth/cloud-platform"]
[debug] [2020-07-25T08:19:46.242Z] > authorizing via signed-in user
[info] 
     ######## #### ########  ######## ########     ###     ######  ########
     ##        ##  ##     ## ##       ##     ##  ##   ##  ##       ##
     ######    ##  ########  ######   ########  #########  ######  ######
     ##        ##  ##    ##  ##       ##     ## ##     ##       ## ##
     ##       #### ##     ## ######## ########  ##     ##  ######  ########

You're about to initialize a Firebase project in this directory:

  C:\Webdev\co-text

Before we get started, keep in mind:

  * You are currently outside your home directory
  * You are initializing in an existing Firebase project directory

[info] 
=== Project Setup
[info] 
[info] First, let's associate this project directory with a Firebase project.
[info] You can create multiple project aliases by running firebase use --add, 
[info] but for now we'll just set up a default project.
[info] 
[debug] [2020-07-25T08:20:25.184Z] >>> HTTP REQUEST GET https://firebase.googleapis.com/v1beta1/projects/co-text-dmv  
 
[debug] [2020-07-25T08:20:25.425Z] <<< HTTP RESPONSE 200 {"content-type":"application/json; charset=UTF-8","vary":"X-Origin, Referer, Origin,Accept-Encoding","date":"Sat, 25 Jul 2020 08:20:24 GMT","server":"ESF","cache-control":"private","x-xss-protection":"0","x-frame-options":"SAMEORIGIN","x-content-type-options":"nosniff","alt-svc":"h3-29=\":443\"; ma=2592000,h3-27=\":443\"; ma=2592000,h3-T050=\":443\"; ma=2592000,h3-Q050=\":443\"; ma=2592000,h3-Q046=\":443\"; ma=2592000,h3-Q043=\":443\"; ma=2592000,quic=\":443\"; ma=2592000; v=\"46,43\"","accept-ranges":"none","transfer-encoding":"chunked"}
[info] i  Using project co-text-dmv (co-text-dmv) 
[info] 
=== Hosting Setup
[info] 
[info] Your public directory is the folder (relative to your project directory) that
[info] will contain Hosting assets to be uploaded with firebase deploy. If you
[info] have a build process for your assets, use your build's output directory.
[info] 
